make: Entering directory `/Users/barodrig/Desktop/minishell'
clang -I. -o srcs/minishell.o -c srcs/minishell.c 
clang -I. -o srcs/get_next_line.o -c srcs/get_next_line.c 
clang -I. -o srcs/parsing/list_utils.o -c srcs/parsing/list_utils.c 
clang -I. -o srcs/parsing/parser.o -c srcs/parsing/parser.c 
clang -I. -o srcs/parsing/parser_utils.o -c srcs/parsing/parser_utils.c 
clang -I. -o srcs/parsing/expand_variables.o -c srcs/parsing/expand_variables.c 
clang -I. -o srcs/parsing/reorganise_commandline.o -c srcs/parsing/reorganise_commandline.c 
clang -I. -o srcs/parsing/split_charset.o -c srcs/parsing/split_charset.c 
clang -I. -o srcs/free_utils.o -c srcs/free_utils.c 
clang -I. -o srcs/init.o -c srcs/init.c 
clang -I. -o srcs/signals.o -c srcs/signals.c 
clang -I. -o srcs/parsing/group_nodes_into_commands.o -c srcs/parsing/group_nodes_into_commands.c 
clang -I. -o srcs/builtin/pipex.o -c srcs/builtin/pipex.c 
clang -I. -o srcs/builtin/pipex_utils.o -c srcs/builtin/pipex_utils.c 
clang -I. -o srcs/builtin/here_doc.o -c srcs/builtin/here_doc.c 
clang -I. -o srcs/builtin/ft_list_cleaner.o -c srcs/builtin/ft_list_cleaner.c 
clang -I. -o srcs/builtin/ft_errors_manager.o -c srcs/builtin/ft_errors_manager.c 
clang -I. -o srcs/builtin/cmd_path_builder.o -c srcs/builtin/cmd_path_builder.c 
clang -I. -o srcs/builtin/ft_cd.o -c srcs/builtin/ft_cd.c 
clang -I. -o srcs/builtin/ft_env.o -c srcs/builtin/ft_env.c 
clang -I. -o srcs/builtin/ft_exit.o -c srcs/builtin/ft_exit.c 
clang -I. -o srcs/builtin/ft_pwd.o -c srcs/builtin/ft_pwd.c 
clang -I. -o srcs/builtin/ft_dupper.o -c srcs/builtin/ft_dupper.c 
clang -I. -o srcs/builtin/ft_parent_process.o -c srcs/builtin/ft_parent_process.c 
clang -I. -o srcs/builtin/ft_child_process.o -c srcs/builtin/ft_child_process.c 
echo "\n\033[1;32m |   Compiling libft"
make all -C libft/
echo "\033[1;33m          [OK]"
echo "\n\033[1;32m |   Compiling Minishell"
clang -Wall -Wextra -Werror -lreadline -I./includes -g3 -fsanitize=address -o minishell srcs/minishell.o srcs/get_next_line.o srcs/parsing/list_utils.o srcs/parsing/parser.o srcs/parsing/parser_utils.o srcs/parsing/expand_variables.o srcs/parsing/reorganise_commandline.o srcs/parsing/split_charset.o srcs/free_utils.o srcs/init.o srcs/signals.o srcs/parsing/group_nodes_into_commands.o srcs/builtin/pipex.o srcs/builtin/pipex_utils.o srcs/builtin/here_doc.o srcs/builtin/ft_list_cleaner.o srcs/builtin/ft_errors_manager.o srcs/builtin/cmd_path_builder.o srcs/builtin/ft_cd.o srcs/builtin/ft_env.o srcs/builtin/ft_exit.o srcs/builtin/ft_pwd.o srcs/builtin/ft_dupper.o srcs/builtin/ft_parent_process.o srcs/builtin/ft_child_process.o ./libft/libft.a
echo "\033[1;33m          [OK]\n"
make: Leaving directory `/Users/barodrig/Desktop/minishell'
 
