make all --print-data-base --no-builtin-variables --no-builtin-rules --question
# GNU Make 3.81
# Copyright (C) 2006  Free Software Foundation, Inc.
# This is free software; see the source for copying conditions.
# There is NO warranty; not even for MERCHANTABILITY or FITNESS FOR A
# PARTICULAR PURPOSE.

# This program built for i386-apple-darwin11.3.0
 

# Make data base, printed on Tue Feb  1 16:20:45 2022

# Variables

# automatic
<D = $(patsubst %/,%,$(dir $<))
# automatic
?F = $(notdir $?)
# environment
VSCODE_LOG_NATIVE = false
# automatic
?D = $(patsubst %/,%,$(dir $?))
# automatic
 
@D = $(patsubst %/,%,$(dir $@))
# automatic
@F = $(notdir $@)
# makefile
CURDIR := /Users/barodrig/Desktop/minishell
# makefile
SHELL = /bin/sh
# makefile (from `Makefile', line 33)
RM = rm -f
# environment
VSCODE_NLS_CONFIG = {"locale":"en-us","availableLanguages":{},"_languagePackSupport":true}
# environment
_ = /usr/bin/make
# makefile (from `Makefile', line 34)
CFLAGS = -Wall -Wextra -Werror -lreadline -I./includes -g3 -fsanitize=address
# makefile (from `Makefile', line 1)
MAKEFILE_LIST :=  Makefile
# environment
VSCODE_VERBOSE_LOGGING = true
# makefile (from `Makefile', line 30)
OBJS = $(SRCS:.c=.o)
# environment
VSCODE_IPC_HOOK_EXTHOST = /var/folders/zz/zyxvpxvq6csfxvn_n0004sp40016dj/T/vscode-ipc-d93013d3-2214-4100-a3df-427ef22d445a.sock
# environment
VSCODE_CWD = /
# environment
Apple_PubSub_Socket_Render = /private/tmp/com.apple.launchd.GgtKMXsIa5/Render
# environment
PATH = /Users/barodrig/.brew/bin:/Users/barodrig/.brew/bin:/usr/local/bin:/usr/bin:/bin:/usr/sbin:/sbin:/usr/local/go/bin:/usr/local/munki:/opt/X11/bin
# environment
LSCOLORS = Gxfxcxdxbxegedabagacad
# environment
VSCODE_LOG_STACK = false
# environment
ELECTRON_RUN_AS_NODE = 1
# default
.FEATURES := target-specific order-only second-expansion else-if archives jobserver check-symlink
# environment
SSH_AUTH_SOCK = /private/tmp/com.apple.launchd.dl0FXoPKYR/Listeners
# automatic
%F = $(notdir $%)
# environment
DISPLAY = /private/tmp/com.apple.launchd.gYlVFgZwrF/org.macosforge.xquartz:0
# environment
VSCODE_PIPE_LOGGING = true
# environment
PWD = /Users/barodrig/Desktop/minishell
# environment
ORIGINAL_XDG_CURRENT_DESKTOP = undefined
# makefile (from `Makefile', line 2)
GREEN = \033[1;32m
# environment
VSCODE_AMD_ENTRYPOINT = vs/workbench/services/extensions/node/extensionHostProcess
# environment
HOME = /Users/barodrig
# default
MAKEFILEPATH := /Applications/Xcode.app/Contents/Developer/Makefiles
# environment
VSCODE_CODE_CACHE_PATH = /Users/barodrig/Library/Application Support/Code/CachedData/899d46d82c4c95423fb7e10e68eba52050e30ba3
# environment
LOGNAME = barodrig
# environment
APPLICATION_INSIGHTS_NO_DIAGNOSTIC_CHANNEL = true
# environment
ZSH = /Users/barodrig/.oh-my-zsh
# environment
VSCODE_HANDLES_UNCAUGHT_ERRORS = true
# automatic
^D = $(patsubst %/,%,$(dir $^))
# environment
XPC_FLAGS = 0x0
# default
MAKE = $(MAKE_COMMAND)
# default
MAKECMDGOALS := all
# makefile (from `Makefile', line 4)
SRCS = srcs/minishell.c srcs/get_next_line.c srcs/parsing/list_utils.c srcs/parsing/parser.c srcs/parsing/parser_utils.c srcs/parsing/expand_variables.c srcs/parsing/reorganise_commandline.c srcs/parsing/split_charset.c srcs/free_utils.c srcs/init.c srcs/signals.c srcs/parsing/group_nodes_into_commands.c srcs/builtin/pipex.c srcs/builtin/pipex_utils.c srcs/builtin/here_doc.c srcs/builtin/ft_list_cleaner.c srcs/builtin/ft_errors_manager.c srcs/builtin/cmd_path_builder.c srcs/builtin/ft_cd.c srcs/builtin/ft_env.c srcs/builtin/ft_exit.c srcs/builtin/ft_pwd.c srcs/builtin/ft_dupper.c srcs/builtin/ft_parent_process.c srcs/builtin/ft_child_process.c
# environment
SHLVL = 1
# makefile (from `Makefile', line 32)
CC = clang
# default
MAKE_VERSION := 3.81
# environment
USER = barodrig
# makefile
.DEFAULT_GOAL := all
# makefile (from `Makefile', line 36)
NAME = minishell
# environment
LESS = -R
# automatic
%D = $(patsubst %/,%,$(dir $%))
# default
MAKE_COMMAND := /Applications/Xcode.app/Contents/Developer/usr/bin/make
# default
.VARIABLES := 
# environment
TMPDIR = /var/folders/zz/zyxvpxvq6csfxvn_n0004sp40016dj/T/
# automatic
*F = $(notdir $*)
# environment
VSCODE_IPC_HOOK = /Users/barodrig/Library/Application Support/Code/1.63.2-main.sock
# makefile
MAKEFLAGS = Rrqp
# environment
MFLAGS = -Rrqp
# automatic
*D = $(patsubst %/,%,$(dir $*))
# environment
XPC_SERVICE_NAME = com.microsoft.VSCode.1320
# automatic
+D = $(patsubst %/,%,$(dir $+))
# makefile (from `Makefile', line 1)
YELLOW = \033[1;33m
# automatic
+F = $(notdir $+)
# environment
__CF_USER_TEXT_ENCODING = 0x99B1:0x0:0x1
# default
MAKEFILES := 
# automatic
<F = $(notdir $<)
# environment
PAGER = less
# environment
LC_ALL = C
# automatic
^F = $(notdir $^)
# default
SUFFIXES := 
# default
.INCLUDE_DIRS = /usr/local/include
# environment
MAKELEVEL := 0
# environment
LANG = C
# environment
VSCODE_PID = 7481
# variable set hash-table stats:
# Load=74/1024=7%, Rehash=0, Collisions=4/106=4%

# Pattern-specific Variable Values

# No pattern-specific variable values.

# Directories

# . (device 16777224, inode 502774): 9 files, no impossibilities.
# srcs (device 16777224, inode 502826): 7 files, no impossibilities so far.

# 16 files, no impossibilities in 2 directories.

# Implicit Rules

%.o: %.c
#  commands to execute (from `Makefile', line 41):
	@$(CC) -I. -o $@ -c $? $(FLAGS)
	

# 1 implicit rules, 0 (0.0%) terminal.

# Files

# Not a target:
srcs/builtin/ft_env.o:
#  Implicit rule search has not been done.
#  Modification time never checked.
#  File has not been updated.

# Not a target:
srcs/builtin/ft_exit.o:
#  Implicit rule search has not been done.
#  Modification time never checked.
#  File has not been updated.

# Not a target:
srcs/parsing/expand_variables.o:
#  Implicit rule search has not been done.
#  Modification time never checked.
#  File has not been updated.

all: minishell
#  Phony target (prerequisite of .PHONY).
#  Command-line target.
#  Implicit rule search has not been done.
#  File does not exist.
#  File has been updated.
#  Needs to be updated (-q is set).
# variable set hash-table stats:
# Load=0/32=0%, Rehash=0, Collisions=0/4=0%

.PHONY: all clean fclean re
#  Implicit rule search has not been done.
#  Modification time never checked.
#  File has not been updated.

# Not a target:
srcs/builtin/ft_pwd.o:
#  Implicit rule search has not been done.
#  Modification time never checked.
#  File has not been updated.

# Not a target:
srcs/parsing/reorganise_commandline.o:
#  Implicit rule search has not been done.
#  Modification time never checked.
#  File has not been updated.

# Not a target:
srcs/parsing/parser_utils.o:
#  Implicit rule search has not been done.
#  Modification time never checked.
#  File has not been updated.

# Not a target:
srcs/parsing/group_nodes_into_commands.o:
#  Implicit rule search has not been done.
#  Modification time never checked.
#  File has not been updated.

# Not a target:
srcs/builtin/pipex_utils.o:
#  Implicit rule search has not been done.
#  Modification time never checked.
#  File has not been updated.

# Not a target:
.SUFFIXES:
#  Implicit rule search has not been done.
#  Modification time never checked.
#  File has not been updated.

# Not a target:
srcs/parsing/split_charset.o:
#  Implicit rule search has not been done.
#  Modification time never checked.
#  File has not been updated.

# Not a target:
srcs/parsing/list_utils.o:
#  Implicit rule search has not been done.
#  Modification time never checked.
#  File has not been updated.

# Not a target:
srcs/signals.o:
#  Implicit rule search has not been done.
#  Modification time never checked.
#  File has not been updated.

# Not a target:
Makefile:
#  Implicit rule search has been done.
#  Last modified 2022-01-28 16:04:38
#  File has been updated.
#  Successfully updated.
# variable set hash-table stats:
# Load=0/32=0%, Rehash=0, Collisions=0/0=0%

# Not a target:
srcs/builtin/ft_parent_process.o:
#  Implicit rule search has not been done.
#  Modification time never checked.
#  File has not been updated.

# Not a target:
srcs/init.o:
#  Implicit rule search has not been done.
#  Modification time never checked.
#  File has not been updated.

 
minishell: srcs/minishell.o srcs/get_next_line.o srcs/parsing/list_utils.o srcs/parsing/parser.o srcs/parsing/parser_utils.o srcs/parsing/expand_variables.o srcs/parsing/reorganise_commandline.o srcs/parsing/split_charset.o srcs/free_utils.o srcs/init.o srcs/signals.o srcs/parsing/group_nodes_into_commands.o srcs/builtin/pipex.o srcs/builtin/pipex_utils.o srcs/builtin/here_doc.o srcs/builtin/ft_list_cleaner.o srcs/builtin/ft_errors_manager.o srcs/builtin/cmd_path_builder.o srcs/builtin/ft_cd.o srcs/builtin/ft_env.o srcs/builtin/ft_exit.o srcs/builtin/ft_pwd.o srcs/builtin/ft_dupper.o srcs/builtin/ft_parent_process.o srcs/builtin/ft_child_process.o
#  Implicit rule search has not been done.
#  File does not exist.
#  File has been updated.
#  Needs to be updated (-q is set).
# variable set hash-table stats:
# Load=0/32=0%, Rehash=0, Collisions=0/4=0%
#  commands to execute (from `Makefile', line 44):
	@echo "\n${GREEN} |   Compiling libft"
	@make all -C libft/
	@echo "${YELLOW}          [OK]"
	@echo "\n${GREEN} |   Compiling Minishell"
	@${CC} ${CFLAGS} -o ${NAME} ${OBJS} ./libft/libft.a
	@echo "${YELLOW}          [OK]\n"
	

# Not a target:
srcs/builtin/ft_cd.o:
#  Implicit rule search has not been done.
#  Modification time never checked.
#  File has not been updated.

fclean: clean
#  Phony target (prerequisite of .PHONY).
#  Implicit rule search has not been done.
#  File does not exist.
#  File has not been updated.
#  commands to execute (from `Makefile', line 58):
	@$(RM) $(NAME) libft.a
	@make fclean -C libft/
	

# Not a target:
srcs/builtin/ft_errors_manager.o:
#  Implicit rule search has not been done.
#  Modification time never checked.
#  File has not been updated.

# Not a target:
srcs/parsing/parser.o:
#  Implicit rule search has not been done.
#  Modification time never checked.
#  File has not been updated.

srcs/minishell.o: srcs/minishell.c
#  Implicit rule search has been done.
#  Implicit/static pattern stem: `srcs/minishell'
#  File does not exist.
#  File has been updated.
#  Needs to be updated (-q is set).
# automatic
# @ := srcs/minishell.o
# automatic
# % := 
# automatic
# * := srcs/minishell
# automatic
# + := srcs/minishell.c
# automatic
# | := 
# automatic
# < := srcs/minishell.c
# automatic
# ^ := srcs/minishell.c
# automatic
# ? := srcs/minishell.c
# variable set hash-table stats:
# Load=8/32=25%, Rehash=0, Collisions=1/14=7%
#  commands to execute (from `Makefile', line 41):
	@$(CC) -I. -o $@ -c $? $(FLAGS)
	

# Not a target:
srcs/builtin/ft_child_process.o:
#  Implicit rule search has not been done.
#  Modification time never checked.
#  File has not been updated.

# Not a target:
srcs/builtin/pipex.o:
#  Implicit rule search has not been done.
#  Modification time never checked.
#  File has not been updated.

# Not a target:
.DEFAULT:
#  Implicit rule search has not been done.
#  Modification time never checked.
#  File has not been updated.

re: fclean all
#  Phony target (prerequisite of .PHONY).
#  Implicit rule search has not been done.
#  File does not exist.
#  File has not been updated.

clean:
#  Phony target (prerequisite of .PHONY).
#  Implicit rule search has not been done.
#  File does not exist.
#  File has not been updated.
#  commands to execute (from `Makefile', line 52):
	@echo "\n${GREEN} |   Cleaning Files"
	@$(RM) $(OBJS)
	@make clean -C libft/
	@echo "${YELLOW}          [OK]\n"
	

# Not a target:
srcs/builtin/cmd_path_builder.o:
#  Implicit rule search has not been done.
#  Modification time never checked.
#  File has not been updated.

# Not a target:
srcs/minishell.c:
#  Implicit rule search has been done.
#  Last modified 2022-01-28 16:04:39
#  File has been updated.
#  Successfully updated.
# variable set hash-table stats:
# Load=0/32=0%, Rehash=0, Collisions=0/0=0%

# Not a target:
srcs/get_next_line.o:
#  Implicit rule search has not been done.
#  Modification time never checked.
#  File has not been updated.

# Not a target:
srcs/builtin/ft_dupper.o:
#  Implicit rule search has not been done.
#  Modification time never checked.
#  File has not been updated.

# Not a target:
srcs/free_utils.o:
#  Implicit rule search has not been done.
#  Modification time never checked.
#  File has not been updated.

# Not a target:
srcs/builtin/ft_list_cleaner.o:
#  Implicit rule search has not been done.
#  Modification time never checked.
#  File has not been updated.

# Not a target:
srcs/builtin/here_doc.o:
#  Implicit rule search has not been done.
#  Modification time never checked.
#  File has not been updated.

# files hash-table stats:
# Load=35/1024=3%, Rehash=0, Collisions=0/84=0%
# VPATH Search Paths

# No `vpath' search paths.

# No general (`VPATH' variable) search path.

# # of strings in strcache: 1
# # of strcache buffers: 1
# strcache size: total = 4096 / max = 4096 / min = 4096 / avg = 4096
# strcache free: total = 4087 / max = 4087 / min = 4087 / avg = 4087

# Finished Make data base on Tue Feb  1 16:20:45 2022

 
